2022-10-31 13:39:17.902 % sub checkRocketdockInstallation
2022-10-31 13:39:17.905 % sub checkSteamyDockInstallation
2022-10-31 13:39:17.906 % sub locateDockSettingsFile
2022-10-31 13:39:17.909 % sub readDockConfiguration
2022-10-31 13:39:17.909 % sub readDockSettingsFile
2022-10-31 13:39:18.612 % sub setUserHotKey
2022-10-31 13:39:18.612 % func monitorProperties
2022-10-31 13:39:18.613 % sub resolveVB6SizeBug
2022-10-31 13:39:18.614 % sub setLocalConfigurationVars
2022-10-31 13:39:18.617 %initialiseGDIStartup
2022-10-31 13:39:41.064 % SteamyDock program started.
2022-10-31 13:39:51.726 % sub toggleDebugging
2022-10-31 13:39:51.735 % sub sDriveStrings
2022-10-31 13:39:51.736 % sub testDockRunning
2022-10-31 13:39:51.736 % sub checkLicenceState
2022-10-31 13:39:51.764 % sub classicThemeCapable
2022-10-31 13:39:51.764 %  sub disableAdmin
2022-10-31 13:39:54.780 % sub checkRocketdockInstallation
2022-10-31 13:39:54.782 % sub checkSteamyDockInstallation
2022-10-31 13:39:54.784 % sub locateDockSettingsFile
2022-10-31 13:39:54.786 % sub readDockConfiguration
2022-10-31 13:39:54.787 % sub readDockSettingsFile
2022-10-31 13:39:55.446 % sub setUserHotKey
2022-10-31 13:39:55.446 % func monitorProperties
2022-10-31 13:39:55.447 % sub resolveVB6SizeBug
2022-10-31 13:39:55.448 % sub setLocalConfigurationVars
2022-10-31 13:39:55.451 %initialiseGDIStartup
